<?xml version="1.0" encoding="UTF-8"?>
<!-- Generated by org.testng.reporters.JUnitReportReporter -->
<testsuite skipped="0" hostname="AnkurSharma-W10" name="sfautoscript.test.testNgClass1" tests="1" failures="0" timestamp="26 Sep 2018 11:58:12 GMT" time="6.101" errors="0">
  <testcase name="f" time="6.101" classname="sfautoscript.test.testNgClass1"/>
</testsuite> <!-- sfautoscript.test.testNgClass1 -->
